<?xml version="1.0" encoding="UTF-8"?>
<!-- Generated by org.testng.reporters.JUnitReportReporter -->
<testsuite hostname="LAPTOP-DRS7HM6R" name="com.crm.SDET02.PracticeTest" tests="1" failures="0" timestamp="10 Dec 2021 07:00:49 GMT" time="0.017" errors="0">
  <testcase name="practice" time="0.017" classname="com.crm.SDET02.PracticeTest"/>
</testsuite> <!-- com.crm.SDET02.PracticeTest -->
