<?xml version="1.0" encoding="UTF-8"?>
<!-- Generated by org.testng.reporters.JUnitReportReporter -->
<testsuite hostname="LAPTOP-DRS7HM6R" name="com.crm.SDET02.DemoTest" tests="1" failures="0" timestamp="10 Dec 2021 07:01:04 GMT" time="0.000" errors="0">
  <testcase name="demo" time="0.000" classname="com.crm.SDET02.DemoTest"/>
</testsuite> <!-- com.crm.SDET02.DemoTest -->
